0 verbose cli /usr/bin/node /usr/bin/npm
1 info using npm@10.8.2
2 info using node@v18.20.6
3 silly config load:file:/usr/lib/node_modules/npm/npmrc
4 silly config load:file:/home/ord_git/.cache/typescript/5.8/.npmrc
5 silly config load:file:/home/ord_git/.npmrc
6 silly config load:file:/usr/etc/npmrc
7 verbose title npm install @types/node@ts5.8 @types/react@ts5.8
8 verbose argv "install" "--ignore-scripts" "@types/node@ts5.8" "@types/react@ts5.8" "--save-dev" "--user-agent" "typesInstaller/5.8.3"
9 verbose logfile logs-max:10 dir:/home/ord_git/.npm/_logs/2025-07-10T17_35_13_325Z-
10 verbose logfile /home/ord_git/.npm/_logs/2025-07-10T17_35_13_325Z-debug-0.log
11 silly packumentCache heap:2197815296 maxSize:549453824 maxEntrySize:274726912
12 silly logfile done cleaning log files
13 silly packumentCache corgi:https://registry.npmjs.org/@types%2fnode cache-miss
14 silly packumentCache corgi:https://registry.npmjs.org/@types%2freact cache-miss
15 http fetch GET 200 https://registry.npmjs.org/@types%2freact 333ms (cache miss)
16 silly packumentCache corgi:https://registry.npmjs.org/@types%2freact set size:undefined disposed:false
17 http fetch GET 200 https://registry.npmjs.org/@types%2fnode 379ms (cache miss)
18 silly packumentCache corgi:https://registry.npmjs.org/@types%2fnode set size:undefined disposed:false
19 silly idealTree buildDeps
20 silly fetch manifest @types/react@19.1.8
21 silly packumentCache full:https://registry.npmjs.org/@types%2freact cache-miss
22 http fetch GET 200 https://registry.npmjs.org/@types%2freact 123ms (cache miss)
23 silly packumentCache full:https://registry.npmjs.org/@types%2freact set size:undefined disposed:false
24 silly fetch manifest @types/node@24.0.12
25 silly packumentCache full:https://registry.npmjs.org/@types%2fnode cache-miss
26 http fetch GET 200 https://registry.npmjs.org/@types%2fnode 193ms (cache miss)
27 silly packumentCache full:https://registry.npmjs.org/@types%2fnode set size:undefined disposed:false
28 silly placeDep ROOT @types/node@24.0.12 OK for:  want: 24.0.12
29 silly placeDep ROOT @types/react@19.1.8 OK for:  want: 19.1.8
30 silly fetch manifest undici-types@~7.8.0
31 silly packumentCache full:https://registry.npmjs.org/undici-types cache-miss
32 silly fetch manifest csstype@^3.0.2
33 silly packumentCache full:https://registry.npmjs.org/csstype cache-miss
34 http fetch GET 200 https://registry.npmjs.org/undici-types 71ms (cache miss)
35 silly packumentCache full:https://registry.npmjs.org/undici-types set size:undefined disposed:false
36 http fetch GET 200 https://registry.npmjs.org/csstype 72ms (cache miss)
37 silly packumentCache full:https://registry.npmjs.org/csstype set size:undefined disposed:false
38 silly placeDep ROOT undici-types@7.8.0 OK for: @types/node@24.0.12 want: ~7.8.0
39 silly placeDep ROOT csstype@3.1.3 OK for: @types/react@19.1.8 want: ^3.0.2
40 silly reify moves {}
41 silly audit bulk request {
41 silly audit   'types-registry': [ '0.1.728' ],
41 silly audit   '@types/node': [ '24.0.12' ],
41 silly audit   '@types/react': [ '19.1.8' ],
41 silly audit   'undici-types': [ '7.8.0' ],
41 silly audit   csstype: [ '3.1.3' ]
41 silly audit }
42 silly tarball no local data for @types/react@https://registry.npmjs.org/@types/react/-/react-19.1.8.tgz. Extracting by manifest.
43 silly tarball no local data for csstype@https://registry.npmjs.org/csstype/-/csstype-3.1.3.tgz. Extracting by manifest.
44 silly tarball no local data for undici-types@https://registry.npmjs.org/undici-types/-/undici-types-7.8.0.tgz. Extracting by manifest.
45 silly tarball no local data for @types/node@https://registry.npmjs.org/@types/node/-/node-24.0.12.tgz. Extracting by manifest.
46 http fetch GET 200 https://registry.npmjs.org/@types/react/-/react-19.1.8.tgz 104ms (cache miss)
47 http fetch GET 200 https://registry.npmjs.org/undici-types/-/undici-types-7.8.0.tgz 181ms (cache miss)
48 http fetch GET 200 https://registry.npmjs.org/csstype/-/csstype-3.1.3.tgz 205ms (cache miss)
49 http fetch POST 200 https://registry.npmjs.org/-/npm/v1/security/advisories/bulk 243ms
50 silly audit report {}
51 http fetch GET 200 https://registry.npmjs.org/@types/node/-/node-24.0.12.tgz 293ms (cache miss)
52 silly ADD node_modules/csstype
53 silly ADD node_modules/undici-types
54 silly ADD node_modules/@types/react
55 silly ADD node_modules/@types/node
56 verbose cwd /home/ord_git/.cache/typescript/5.8
57 verbose os Linux 6.6.87.2-microsoft-standard-WSL2
58 verbose node v18.20.6
59 verbose npm  v10.8.2
60 verbose exit 0
61 info ok
