2025-07-10 21:46:20.536 [info] [main] Log level: Info
2025-07-10 21:46:20.536 [info] [main] Validating found git in: "git"
2025-07-10 21:46:20.536 [info] [main] Using git "2.43.0" from "git"
2025-07-10 21:46:20.536 [info] [Model][doInitialScan] Initial repository scan started
2025-07-10 21:46:20.536 [info] > git rev-parse --show-toplevel [13ms]
2025-07-10 21:46:20.536 [info] > git rev-parse --git-dir --git-common-dir [14ms]
2025-07-10 21:46:20.536 [info] [Model][openRepository] Opened repository (path): /home/ord_git
2025-07-10 21:46:20.536 [info] [Model][openRepository] Opened repository (real path): /home/ord_git
2025-07-10 21:46:20.536 [info] > git config --get commit.template [1673ms]
2025-07-10 21:46:20.613 [info] > git for-each-ref --format=%(refname)%00%(upstream:short)%00%(objectname)%00%(upstream:track)%00%(upstream:remotename)%00%(upstream:remoteref) refs/heads/main refs/remotes/main [70ms]
2025-07-10 21:46:20.614 [info] > git rev-parse --show-toplevel [64ms]
2025-07-10 21:46:20.850 [info] > git rev-parse --show-toplevel [23ms]
2025-07-10 21:46:21.364 [info] > git check-ignore -v -z --stdin [98ms]
2025-07-10 21:46:21.365 [info] > git for-each-ref --sort -committerdate --format %(refname)%00%(objectname)%00%(*objectname) [75ms]
2025-07-10 21:46:21.366 [info] > git rev-parse --show-toplevel [93ms]
2025-07-10 21:46:21.381 [info] > git rev-parse --show-toplevel [8ms]
2025-07-10 21:46:21.393 [info] > git rev-parse --show-toplevel [6ms]
2025-07-10 21:46:21.545 [info] > git status -z -uall [264ms] (cancelled)
2025-07-10 21:46:22.832 [info] > git for-each-ref --format=%(refname)%00%(upstream:short)%00%(objectname)%00%(upstream:track)%00%(upstream:remotename)%00%(upstream:remoteref) refs/heads/main refs/remotes/main [1289ms]
2025-07-10 21:46:22.837 [info] > git rev-parse --show-toplevel [1436ms]
2025-07-10 21:46:22.889 [info] > git config --get --local branch.main.vscode-merge-base [51ms]
2025-07-10 21:46:22.889 [warning] [Git][config] git config failed: Failed to execute git
2025-07-10 21:46:22.900 [info] > git config --get commit.template [75ms]
2025-07-10 21:46:22.903 [info] > git rev-parse --show-toplevel [24ms]
2025-07-10 21:46:22.911 [info] > git reflog main --grep-reflog=branch: Created from *. [12ms]
2025-07-10 21:46:22.925 [info] > git for-each-ref --format=%(refname)%00%(upstream:short)%00%(objectname)%00%(upstream:track)%00%(upstream:remotename)%00%(upstream:remoteref) refs/heads/main refs/remotes/main [15ms]
2025-07-10 21:46:22.926 [info] > git symbolic-ref --short refs/remotes/origin/HEAD [8ms]
2025-07-10 21:46:22.926 [info] fatal: ref refs/remotes/origin/HEAD is not a symbolic ref
2025-07-10 21:46:22.926 [warning] [Repository][getDefaultBranch] Failed to get default branch details: Failed to execute git.
2025-07-10 21:46:22.934 [info] > git rev-parse --show-toplevel [9ms]
2025-07-10 21:46:22.935 [info] > git merge-base refs/heads/main refs/remotes/origin/main [2ms]
2025-07-10 21:46:22.960 [info] > git diff --name-status -z --diff-filter=ADMR 750fe9a8d432b0891c8c21a2166454fe342acd1d...refs/remotes/origin/main [20ms]
2025-07-10 21:46:22.961 [info] > git for-each-ref --sort -committerdate --format %(refname)%00%(objectname)%00%(*objectname) [3ms]
2025-07-10 21:46:22.962 [info] > git rev-parse --git-dir --git-common-dir [16ms]
2025-07-10 21:46:22.967 [info] [Model][openRepository] Opened repository (path): /home/ord_git/odoo
2025-07-10 21:46:22.967 [info] [Model][openRepository] Opened repository (real path): /home/ord_git/odoo
2025-07-10 21:46:22.989 [info] > git config --get commit.template [13ms]
2025-07-10 21:46:22.990 [info] > git rev-parse --show-toplevel [8ms]
2025-07-10 21:46:22.991 [info] [Model][doInitialScan] Initial repository scan completed - repositories (2), closed repositories (0), parent repositories (0), unsafe repositories (0)
2025-07-10 21:46:23.005 [info] > git for-each-ref --format=%(refname)%00%(upstream:short)%00%(objectname)%00%(upstream:track)%00%(upstream:remotename)%00%(upstream:remoteref) refs/heads/17.0 refs/remotes/17.0 [7ms]
2025-07-10 21:46:23.012 [warning] [Git][revParse] Unable to read file: ENOENT: no such file or directory, open '/home/ord_git/odoo/.git/refs/remotes/origin/17.0'
2025-07-10 21:46:23.016 [info] > git status -z -uall [65ms] (cancelled)
2025-07-10 21:46:23.016 [info] > git rev-parse refs/remotes/origin/17.0 [4ms]
2025-07-10 21:46:24.281 [info] > git status -z -uall [1260ms]
2025-07-10 21:46:24.282 [info] > git for-each-ref --sort -committerdate --format %(refname)%00%(objectname)%00%(*objectname) [1256ms]
2025-07-10 21:46:24.431 [info] > git check-ignore -v -z --stdin [73ms]
2025-07-10 21:46:24.433 [info] > git check-ignore -v -z --stdin [50ms]
2025-07-10 21:46:24.469 [info] > git for-each-ref --format=%(refname)%00%(upstream:short)%00%(objectname)%00%(upstream:track)%00%(upstream:remotename)%00%(upstream:remoteref) refs/heads/17.0 refs/remotes/17.0 [172ms]
2025-07-10 21:46:24.483 [info] > git config --get --local branch.17.0.vscode-merge-base [4ms]
2025-07-10 21:46:24.483 [warning] [Git][config] git config failed: Failed to execute git
2025-07-10 21:46:24.495 [info] > git config --get commit.template [79ms]
2025-07-10 21:46:24.531 [info] > git reflog 17.0 --grep-reflog=branch: Created from *. [37ms]
2025-07-10 21:46:24.560 [info] > git for-each-ref --format=%(refname)%00%(upstream:short)%00%(objectname)%00%(upstream:track)%00%(upstream:remotename)%00%(upstream:remoteref) refs/heads/17.0 refs/remotes/17.0 [29ms]
2025-07-10 21:46:24.564 [info] > git symbolic-ref --short refs/remotes/origin/HEAD [25ms]
2025-07-10 21:46:24.564 [info] fatal: ref refs/remotes/origin/HEAD is not a symbolic ref
2025-07-10 21:46:24.564 [warning] [Repository][getDefaultBranch] Failed to get default branch details: Failed to execute git.
2025-07-10 21:46:24.589 [warning] [Git][revParse] Unable to read file: ENOENT: no such file or directory, open '/home/ord_git/odoo/.git/refs/remotes/origin/17.0'
2025-07-10 21:46:24.590 [info] > git merge-base refs/heads/17.0 refs/remotes/origin/17.0 [19ms]
2025-07-10 21:46:24.599 [info] > git rev-parse refs/remotes/origin/17.0 [10ms]
2025-07-10 21:46:24.695 [info] > git for-each-ref --sort -committerdate --format %(refname)%00%(objectname)%00%(*objectname) [62ms]
2025-07-10 21:46:24.695 [info] > git diff --name-status -z --diff-filter=ADMR ea6d105309d6ce6c97b6429a6a5f8b8776f284cf...refs/remotes/origin/17.0 [97ms]
2025-07-10 21:46:24.760 [info] > git status -z -uall [150ms]
2025-07-10 21:47:24.314 [info] > git show --textconv :setup.cfg [20ms]
2025-07-10 21:47:24.323 [info] > git ls-files --stage -- setup.cfg [16ms]
2025-07-10 21:47:24.332 [info] > git cat-file -s a604efc4e465403681a3c08e9834d13327c7b97b [2ms]
